# JRE version: OpenJDK Runtime Environment (21.0.3) (build 21.0.3+-12282718-b509.11)
# Java VM: OpenJDK 64-Bit Server VM (21.0.3+-12282718-b509.11, mixed mode, tiered, compressed oops, compressed class ptrs, g1 gc, windows-amd64)
GC Precious Log:
 CardTable entry size: 512
 Card Set container configuration: InlinePtr #cards 5 size 8 Array Of Cards #cards 12 size 40 Howl #buckets 4 coarsen threshold 1843 Howl Bitmap #cards 512 size 80 coarsen threshold 460 Card regions per heap region 1 cards per card region 2048
 CPUs: 6 total, 6 available
 Memory: 24504M
 Large Page Support: Disabled
 NUMA Support: Disabled
 Compressed Oops: Enabled (32-bit)
 Heap Region Size: 1M
 Heap Min Capacity: 8M
 Heap Initial Capacity: 384M
 Heap Max Capacity: 2G
 Pre-touch: Disabled
 Parallel Workers: 6
 Concurrent Workers: 2
 Concurrent Refinement Workers: 6
 Periodic GC: Disabled
Heap:
 garbage-first heap   total 240640K, used 193599K [0x0000000080000000, 0x0000000100000000)
  region size 1024K, 6 young (6144K), 5 survivors (5120K)
 Metaspace       used 141493K, committed 143808K, reserved 1179648K
  class space    used 19584K, committed 20736K, reserved 1048576K
GC Heap History (20 events):
Event: 22.165 GC heap before
{Heap before GC invocations=48 (full 0):
 garbage-first heap   total 211968K, used 191802K [0x0000000080000000, 0x0000000100000000)
  region size 1024K, 82 young (83968K), 7 survivors (7168K)
 Metaspace       used 114421K, committed 116608K, reserved 1179648K
  class space    used 15628K, committed 16768K, reserved 1048576K
}
Event: 22.170 GC heap after
{Heap after GC invocations=49 (full 0):
 garbage-first heap   total 211968K, used 118049K [0x0000000080000000, 0x0000000100000000)
  region size 1024K, 8 young (8192K), 8 survivors (8192K)
 Metaspace       used 114421K, committed 116608K, reserved 1179648K
  class space    used 15628K, committed 16768K, reserved 1048576K
}
Event: 22.642 GC heap before
{Heap before GC invocations=50 (full 0):
 garbage-first heap   total 211968K, used 190753K [0x0000000080000000, 0x0000000100000000)
  region size 1024K, 80 young (81920K), 8 survivors (8192K)
 Metaspace       used 114800K, committed 116928K, reserved 1179648K
  class space    used 15670K, committed 16768K, reserved 1048576K
}
Event: 22.650 GC heap after
{Heap after GC invocations=51 (full 0):
 garbage-first heap   total 211968K, used 121437K [0x0000000080000000, 0x0000000100000000)
  region size 1024K, 6 young (6144K), 6 survivors (6144K)
 Metaspace       used 114800K, committed 116928K, reserved 1179648K
  class space    used 15670K, committed 16768K, reserved 1048576K
}
Event: 23.192 GC heap before
{Heap before GC invocations=51 (full 0):
 garbage-first heap   total 211968K, used 193117K [0x0000000080000000, 0x0000000100000000)
  region size 1024K, 77 young (78848K), 6 survivors (6144K)
 Metaspace       used 118278K, committed 120448K, reserved 1179648K
  class space    used 16154K, committed 17280K, reserved 1048576K
}
Event: 23.199 GC heap after
{Heap after GC invocations=52 (full 0):
 garbage-first heap   total 211968K, used 124714K [0x0000000080000000, 0x0000000100000000)
  region size 1024K, 8 young (8192K), 8 survivors (8192K)
 Metaspace       used 118278K, committed 120448K, reserved 1179648K
  class space    used 16154K, committed 17280K, reserved 1048576K
}
Event: 23.543 GC heap before
{Heap before GC invocations=52 (full 0):
 garbage-first heap   total 211968K, used 190250K [0x0000000080000000, 0x0000000100000000)
  region size 1024K, 73 young (74752K), 8 survivors (8192K)
 Metaspace       used 118328K, committed 120512K, reserved 1179648K
  class space    used 16156K, committed 17280K, reserved 1048576K
}
Event: 23.549 GC heap after
{Heap after GC invocations=53 (full 0):
 garbage-first heap   total 211968K, used 126575K [0x0000000080000000, 0x0000000100000000)
  region size 1024K, 5 young (5120K), 5 survivors (5120K)
 Metaspace       used 118328K, committed 120512K, reserved 1179648K
  class space    used 16156K, committed 17280K, reserved 1048576K
}
Event: 37.428 GC heap before
{Heap before GC invocations=54 (full 0):
 garbage-first heap   total 224256K, used 192111K [0x0000000080000000, 0x0000000100000000)
  region size 1024K, 70 young (71680K), 5 survivors (5120K)
 Metaspace       used 123993K, committed 126336K, reserved 1179648K
  class space    used 16999K, committed 18176K, reserved 1048576K
}
Event: 37.434 GC heap after
{Heap after GC invocations=55 (full 0):
 garbage-first heap   total 224256K, used 129327K [0x0000000080000000, 0x0000000100000000)
  region size 1024K, 7 young (7168K), 7 survivors (7168K)
 Metaspace       used 123993K, committed 126336K, reserved 1179648K
  class space    used 16999K, committed 18176K, reserved 1048576K
}
Event: 38.062 GC heap before
{Heap before GC invocations=55 (full 0):
 garbage-first heap   total 224256K, used 203055K [0x0000000080000000, 0x0000000100000000)
  region size 1024K, 80 young (81920K), 7 survivors (7168K)
 Metaspace       used 133703K, committed 136000K, reserved 1179648K
  class space    used 18567K, committed 19712K, reserved 1048576K
}
Event: 38.069 GC heap after
{Heap after GC invocations=56 (full 0):
 garbage-first heap   total 224256K, used 132392K [0x0000000080000000, 0x0000000100000000)
  region size 1024K, 9 young (9216K), 9 survivors (9216K)
 Metaspace       used 133703K, committed 136000K, reserved 1179648K
  class space    used 18567K, committed 19712K, reserved 1048576K
}
Event: 38.361 GC heap before
{Heap before GC invocations=56 (full 0):
 garbage-first heap   total 224256K, used 201000K [0x0000000080000000, 0x0000000100000000)
  region size 1024K, 77 young (78848K), 9 survivors (9216K)
 Metaspace       used 137029K, committed 139328K, reserved 1179648K
  class space    used 19073K, committed 20224K, reserved 1048576K
}
Event: 38.367 GC heap after
{Heap after GC invocations=57 (full 0):
 garbage-first heap   total 224256K, used 134773K [0x0000000080000000, 0x0000000100000000)
  region size 1024K, 7 young (7168K), 7 survivors (7168K)
 Metaspace       used 137029K, committed 139328K, reserved 1179648K
  class space    used 19073K, committed 20224K, reserved 1048576K
}
Event: 38.760 GC heap before
{Heap before GC invocations=58 (full 0):
 garbage-first heap   total 240640K, used 202357K [0x0000000080000000, 0x0000000100000000)
  region size 1024K, 73 young (74752K), 7 survivors (7168K)
 Metaspace       used 137377K, committed 139648K, reserved 1179648K
  class space    used 19074K, committed 20224K, reserved 1048576K
}
Event: 38.764 GC heap after
{Heap after GC invocations=59 (full 0):
 garbage-first heap   total 240640K, used 134137K [0x0000000080000000, 0x0000000100000000)
  region size 1024K, 4 young (4096K), 4 survivors (4096K)
 Metaspace       used 137377K, committed 139648K, reserved 1179648K
  class space    used 19074K, committed 20224K, reserved 1048576K
}
Event: 39.747 GC heap before
{Heap before GC invocations=59 (full 0):
 garbage-first heap   total 240640K, used 225273K [0x0000000080000000, 0x0000000100000000)
  region size 1024K, 90 young (92160K), 4 survivors (4096K)
 Metaspace       used 141509K, committed 143808K, reserved 1179648K
  class space    used 19590K, committed 20736K, reserved 1048576K
}
Event: 39.753 GC heap after
{Heap after GC invocations=60 (full 0):
 garbage-first heap   total 240640K, used 138554K [0x0000000080000000, 0x0000000100000000)
  region size 1024K, 5 young (5120K), 5 survivors (5120K)
 Metaspace       used 141509K, committed 143808K, reserved 1179648K
  class space    used 19590K, committed 20736K, reserved 1048576K
}
Event: 39.753 GC heap before
{Heap before GC invocations=60 (full 0):
 garbage-first heap   total 240640K, used 138554K [0x0000000080000000, 0x0000000100000000)
  region size 1024K, 6 young (6144K), 5 survivors (5120K)
 Metaspace       used 141511K, committed 143808K, reserved 1179648K
  class space    used 19590K, committed 20736K, reserved 1048576K
}
Event: 39.757 GC heap after
{Heap after GC invocations=61 (full 0):
 garbage-first heap   total 240640K, used 138303K [0x0000000080000000, 0x0000000100000000)
  region size 1024K, 5 young (5120K), 5 survivors (5120K)
 Metaspace       used 141511K, committed 143808K, reserved 1179648K
  class space    used 19590K, committed 20736K, reserved 1048576K
}

